[2019-08-20 17:19:47] local.ERROR: Please provide a valid cache path. {"exception":"[object] (InvalidArgumentException(code: 0): Please provide a valid cache path. at D:\\phpstudy\\PHPTutorial\\WWW\\blog\\vendor\\laravel\\framework\\src\\Illuminate\\View\\Compilers\\Compiler.php:36)
[stacktrace]
#0 D:\\phpstudy\\PHPTutorial\\WWW\\blog\\vendor\\laravel\\framework\\src\\Illuminate\\View\\ViewServiceProvider.php(141): Illuminate\\View\\Compilers\\Compiler->__construct(Object(Illuminate\\Filesystem\\Filesystem), false)
#1 D:\\phpstudy\\PHPTutorial\\WWW\\blog\\vendor\\laravel\\framework\\src\\Illuminate\\Container\\Container.php(776): Illuminate\\View\\ViewServiceProvider->Illuminate\\View\\{closure}(Object(Illuminate\\Foundation\\Application), Array)
#2 D:\\phpstudy\\PHPTutorial\\WWW\\blog\\vendor\\laravel\\framework\\src\\Illuminate\\Container\\Container.php(658): Illuminate\\Container\\Container->build(Object(Closure))
#3 D:\\phpstudy\\PHPTutorial\\WWW\\blog\\vendor\\laravel\\framework\\src\\Illuminate\\Container\\Container.php(609): Illuminate\\Container\\Container->resolve('blade.compiler', Array)
#4 D:\\phpstudy\\PHPTutorial\\WWW\\blog\\vendor\\laravel\\framework\\src\\Illuminate\\Foundation\\Application.php(759): Illuminate\\Container\\Container->make('blade.compiler', Array)
#5 D:\\phpstudy\\PHPTutorial\\WWW\\blog\\vendor\\laravel\\framework\\src\\Illuminate\\Container\\Container.php(1222): Illuminate\\Foundation\\Application->make('blade.compiler')
#6 D:\\phpstudy\\PHPTutorial\\WWW\\blog\\vendor\\laravel\\framework\\src\\Illuminate\\View\\ViewServiceProvider.php(146): Illuminate\\Container\\Container->offsetGet('blade.compiler')
#7 [internal function]: Illuminate\\View\\ViewServiceProvider->Illuminate\\View\\{closure}()
#8 D:\\phpstudy\\PHPTutorial\\WWW\\blog\\vendor\\laravel\\framework\\src\\Illuminate\\View\\Engines\\EngineResolver.php(55): call_user_func(Object(Closure))
#9 D:\\phpstudy\\PHPTutorial\\WWW\\blog\\vendor\\laravel\\framework\\src\\Illuminate\\Support\\Facades\\Blade.php(34): Illuminate\\View\\Engines\\EngineResolver->resolve('blade')
#10 D:\\phpstudy\\PHPTutorial\\WWW\\blog\\vendor\\laravel\\framework\\src\\Illuminate\\Support\\Facades\\Facade.php(144): Illuminate\\Support\\Facades\\Blade::getFacadeAccessor()
#11 D:\\phpstudy\\PHPTutorial\\WWW\\blog\\vendor\\laravel\\framework\\src\\Illuminate\\Support\\Facades\\Facade.php(231): Illuminate\\Support\\Facades\\Facade::getFacadeRoot()
#12 D:\\phpstudy\\PHPTutorial\\WWW\\blog\\vendor\\encore\\laravel-admin\\src\\AdminServiceProvider.php(83): Illuminate\\Support\\Facades\\Facade::__callStatic('withoutDoubleEn...', Array)
#13 [internal function]: Encore\\Admin\\AdminServiceProvider->boot()
#14 D:\\phpstudy\\PHPTutorial\\WWW\\blog\\vendor\\laravel\\framework\\src\\Illuminate\\Container\\BoundMethod.php(29): call_user_func_array(Array, Array)
#15 D:\\phpstudy\\PHPTutorial\\WWW\\blog\\vendor\\laravel\\framework\\src\\Illuminate\\Container\\BoundMethod.php(87): Illuminate\\Container\\BoundMethod::Illuminate\\Container\\{closure}()
#16 D:\\phpstudy\\PHPTutorial\\WWW\\blog\\vendor\\laravel\\framework\\src\\Illuminate\\Container\\BoundMethod.php(31): Illuminate\\Container\\BoundMethod::callBoundMethod(Object(Illuminate\\Foundation\\Application), Array, Object(Closure))
#17 D:\\phpstudy\\PHPTutorial\\WWW\\blog\\vendor\\laravel\\framework\\src\\Illuminate\\Container\\Container.php(572): Illuminate\\Container\\BoundMethod::call(Object(Illuminate\\Foundation\\Application), Array, Array, NULL)
#18 D:\\phpstudy\\PHPTutorial\\WWW\\blog\\vendor\\laravel\\framework\\src\\Illuminate\\Foundation\\Application.php(819): Illuminate\\Container\\Container->call(Array)
#19 D:\\phpstudy\\PHPTutorial\\WWW\\blog\\vendor\\laravel\\framework\\src\\Illuminate\\Foundation\\Application.php(802): Illuminate\\Foundation\\Application->bootProvider(Object(Encore\\Admin\\AdminServiceProvider))
#20 [internal function]: Illuminate\\Foundation\\Application->Illuminate\\Foundation\\{closure}(Object(Encore\\Admin\\AdminServiceProvider), 15)
#21 D:\\phpstudy\\PHPTutorial\\WWW\\blog\\vendor\\laravel\\framework\\src\\Illuminate\\Foundation\\Application.php(803): array_walk(Array, Object(Closure))
#22 D:\\phpstudy\\PHPTutorial\\WWW\\blog\\vendor\\laravel\\framework\\src\\Illuminate\\Foundation\\Bootstrap\\BootProviders.php(17): Illuminate\\Foundation\\Application->boot()
#23 D:\\phpstudy\\PHPTutorial\\WWW\\blog\\vendor\\laravel\\framework\\src\\Illuminate\\Foundation\\Application.php(211): Illuminate\\Foundation\\Bootstrap\\BootProviders->bootstrap(Object(Illuminate\\Foundation\\Application))
#24 D:\\phpstudy\\PHPTutorial\\WWW\\blog\\vendor\\laravel\\framework\\src\\Illuminate\\Foundation\\Console\\Kernel.php(297): Illuminate\\Foundation\\Application->bootstrapWith(Array)
#25 D:\\phpstudy\\PHPTutorial\\WWW\\blog\\vendor\\laravel\\framework\\src\\Illuminate\\Foundation\\Console\\Kernel.php(120): Illuminate\\Foundation\\Console\\Kernel->bootstrap()
#26 D:\\phpstudy\\PHPTutorial\\WWW\\blog\\artisan(37): Illuminate\\Foundation\\Console\\Kernel->handle(Object(Symfony\\Component\\Console\\Input\\ArgvInput), Object(Symfony\\Component\\Console\\Output\\ConsoleOutput))
#27 {main}
"} 
